[18:21:46] [Server thread/INFO]: Starting minecraft server version 1.11.2
[18:21:47] [Server thread/INFO]: Loading properties
[18:21:47] [Server thread/INFO]: Default game type: CREATIVE
[18:21:47] [Server thread/INFO]: This server is running CraftBukkit version git-Spigot-6de2fbc-c1aa859 (MC: 1.11.2) (Implementing API version 1.11.2-R0.1-SNAPSHOT)
[18:21:47] [Server thread/INFO]: Debug logging is disabled
[18:21:47] [Server thread/INFO]: Server Ping Player Sample Count: 12
[18:21:47] [Server thread/INFO]: Using 4 threads for Netty based IO
[18:21:47] [Server thread/INFO]: Generating keypair
[18:21:48] [Server thread/INFO]: Starting Minecraft server on *:25565
[18:21:48] [Server thread/INFO]: Using default channel type
[18:21:48] [Server thread/INFO]: Set PluginClassLoader as parallel capable
[18:21:48] [Server thread/INFO]: [SetSpawn] Loading SetSpawn v2.1
[18:21:48] [Server thread/INFO]: [RaspberryJuice] Loading RaspberryJuice v1.7
[18:21:48] [Server thread/WARN]: **** SERVER IS RUNNING IN OFFLINE/INSECURE MODE!
[18:21:48] [Server thread/WARN]: The server will make no attempt to authenticate usernames. Beware.
[18:21:48] [Server thread/WARN]: While this makes the game possible to play without internet access, it also opens up the ability for hackers to connect with any username they choose.
[18:21:48] [Server thread/WARN]: To change this, set "online-mode" to "true" in the server.properties file.
[18:21:48] [Server thread/INFO]: **** Beginning UUID conversion, this may take A LONG time ****
[18:21:48] [Server thread/INFO]: Preparing level "world"
[18:21:48] [Server thread/INFO]: -------- World Settings For [world] --------
[18:21:48] [Server thread/INFO]: Item Merge Radius: 2.5
[18:21:48] [Server thread/INFO]: Item Despawn Rate: 6000
[18:21:48] [Server thread/INFO]: Arrow Despawn Rate: 1200
[18:21:48] [Server thread/INFO]: Allow Zombie Pigmen to spawn from portal blocks: true
[18:21:48] [Server thread/INFO]: View Distance: 10
[18:21:48] [Server thread/INFO]: Zombie Aggressive Towards Villager: true
[18:21:48] [Server thread/INFO]: Experience Merge Radius: 3.0
[18:21:48] [Server thread/INFO]: Nerfing mobs spawned from spawners: false
[18:21:48] [Server thread/INFO]: Cactus Growth Modifier: 100%
[18:21:48] [Server thread/INFO]: Cane Growth Modifier: 100%
[18:21:48] [Server thread/INFO]: Melon Growth Modifier: 100%
[18:21:48] [Server thread/INFO]: Mushroom Growth Modifier: 100%
[18:21:48] [Server thread/INFO]: Pumpkin Growth Modifier: 100%
[18:21:48] [Server thread/INFO]: Sapling Growth Modifier: 100%
[18:21:48] [Server thread/INFO]: Wheat Growth Modifier: 100%
[18:21:48] [Server thread/INFO]: NetherWart Growth Modifier: 100%
[18:21:48] [Server thread/INFO]: Vine Growth Modifier: 100%
[18:21:48] [Server thread/INFO]: Cocoa Growth Modifier: 100%
[18:21:48] [Server thread/INFO]: Entity Activation Range: An 32 / Mo 32 / Mi 16
[18:21:48] [Server thread/INFO]: Entity Tracking Range: Pl 48 / An 48 / Mo 48 / Mi 32 / Other 64
[18:21:48] [Server thread/INFO]: Mob Spawn Range: 4
[18:21:48] [Server thread/INFO]: Random Lighting Updates: false
[18:21:48] [Server thread/INFO]: Structure Info Saving: true
[18:21:48] [Server thread/INFO]: Tile Max Tick Time: 50ms Entity max Tick Time: 50ms
[18:21:48] [Server thread/INFO]: Max TNT Explosions: 100
[18:21:48] [Server thread/INFO]: Custom Map Seeds:  Village: 10387312 Feature: 14357617Monument: 10387313 Slime: 987234911
[18:21:48] [Server thread/INFO]: Hopper Transfer: 8 Hopper Check: 8 Hopper Amount: 1
[18:21:48] [Server thread/INFO]: -------- World Settings For [world_nether] --------
[18:21:48] [Server thread/INFO]: Item Merge Radius: 2.5
[18:21:48] [Server thread/INFO]: Item Despawn Rate: 6000
[18:21:48] [Server thread/INFO]: Arrow Despawn Rate: 1200
[18:21:48] [Server thread/INFO]: Allow Zombie Pigmen to spawn from portal blocks: true
[18:21:48] [Server thread/INFO]: View Distance: 10
[18:21:48] [Server thread/INFO]: Zombie Aggressive Towards Villager: true
[18:21:48] [Server thread/INFO]: Experience Merge Radius: 3.0
[18:21:48] [Server thread/INFO]: Nerfing mobs spawned from spawners: false
[18:21:48] [Server thread/INFO]: Cactus Growth Modifier: 100%
[18:21:48] [Server thread/INFO]: Cane Growth Modifier: 100%
[18:21:48] [Server thread/INFO]: Melon Growth Modifier: 100%
[18:21:48] [Server thread/INFO]: Mushroom Growth Modifier: 100%
[18:21:48] [Server thread/INFO]: Pumpkin Growth Modifier: 100%
[18:21:48] [Server thread/INFO]: Sapling Growth Modifier: 100%
[18:21:48] [Server thread/INFO]: Wheat Growth Modifier: 100%
[18:21:48] [Server thread/INFO]: NetherWart Growth Modifier: 100%
[18:21:48] [Server thread/INFO]: Vine Growth Modifier: 100%
[18:21:48] [Server thread/INFO]: Cocoa Growth Modifier: 100%
[18:21:48] [Server thread/INFO]: Entity Activation Range: An 32 / Mo 32 / Mi 16
[18:21:48] [Server thread/INFO]: Entity Tracking Range: Pl 48 / An 48 / Mo 48 / Mi 32 / Other 64
[18:21:48] [Server thread/INFO]: Mob Spawn Range: 4
[18:21:48] [Server thread/INFO]: Random Lighting Updates: false
[18:21:48] [Server thread/INFO]: Structure Info Saving: true
[18:21:48] [Server thread/INFO]: Tile Max Tick Time: 50ms Entity max Tick Time: 50ms
[18:21:48] [Server thread/INFO]: Max TNT Explosions: 100
[18:21:48] [Server thread/INFO]: Custom Map Seeds:  Village: 10387312 Feature: 14357617Monument: 10387313 Slime: 987234911
[18:21:48] [Server thread/INFO]: Hopper Transfer: 8 Hopper Check: 8 Hopper Amount: 1
[18:21:48] [Server thread/INFO]: -------- World Settings For [world_the_end] --------
[18:21:48] [Server thread/INFO]: Item Merge Radius: 2.5
[18:21:48] [Server thread/INFO]: Item Despawn Rate: 6000
[18:21:48] [Server thread/INFO]: Arrow Despawn Rate: 1200
[18:21:48] [Server thread/INFO]: Allow Zombie Pigmen to spawn from portal blocks: true
[18:21:48] [Server thread/INFO]: View Distance: 10
[18:21:48] [Server thread/INFO]: Zombie Aggressive Towards Villager: true
[18:21:48] [Server thread/INFO]: Experience Merge Radius: 3.0
[18:21:48] [Server thread/INFO]: Nerfing mobs spawned from spawners: false
[18:21:48] [Server thread/INFO]: Cactus Growth Modifier: 100%
[18:21:48] [Server thread/INFO]: Cane Growth Modifier: 100%
[18:21:48] [Server thread/INFO]: Melon Growth Modifier: 100%
[18:21:48] [Server thread/INFO]: Mushroom Growth Modifier: 100%
[18:21:48] [Server thread/INFO]: Pumpkin Growth Modifier: 100%
[18:21:48] [Server thread/INFO]: Sapling Growth Modifier: 100%
[18:21:48] [Server thread/INFO]: Wheat Growth Modifier: 100%
[18:21:48] [Server thread/INFO]: NetherWart Growth Modifier: 100%
[18:21:48] [Server thread/INFO]: Vine Growth Modifier: 100%
[18:21:48] [Server thread/INFO]: Cocoa Growth Modifier: 100%
[18:21:48] [Server thread/INFO]: Entity Activation Range: An 32 / Mo 32 / Mi 16
[18:21:48] [Server thread/INFO]: Entity Tracking Range: Pl 48 / An 48 / Mo 48 / Mi 32 / Other 64
[18:21:48] [Server thread/INFO]: Mob Spawn Range: 4
[18:21:48] [Server thread/INFO]: Random Lighting Updates: false
[18:21:48] [Server thread/INFO]: Structure Info Saving: true
[18:21:48] [Server thread/INFO]: Tile Max Tick Time: 50ms Entity max Tick Time: 50ms
[18:21:48] [Server thread/INFO]: Max TNT Explosions: 100
[18:21:48] [Server thread/INFO]: Custom Map Seeds:  Village: 10387312 Feature: 14357617Monument: 10387313 Slime: 987234911
[18:21:48] [Server thread/INFO]: Hopper Transfer: 8 Hopper Check: 8 Hopper Amount: 1
[18:21:49] [Server thread/INFO]: Preparing start region for level 0 (Seed: -6719839413402385451)
[18:21:50] [Server thread/INFO]: Preparing spawn area: 9%
[18:21:51] [Server thread/INFO]: Preparing spawn area: 26%
[18:21:52] [Server thread/INFO]: Preparing spawn area: 48%
[18:21:53] [Server thread/INFO]: Preparing spawn area: 81%
[18:21:53] [Server thread/INFO]: Preparing start region for level 1 (Seed: -6719839413402385451)
[18:21:54] [Server thread/INFO]: Preparing spawn area: 20%
[18:21:55] [Server thread/INFO]: Preparing spawn area: 49%
[18:21:56] [Server thread/INFO]: Preparing spawn area: 78%
[18:21:57] [Server thread/INFO]: Preparing spawn area: 99%
[18:21:57] [Server thread/INFO]: Preparing start region for level 2 (Seed: -6719839413402385451)
[18:21:58] [Server thread/INFO]: [SetSpawn] Enabling SetSpawn v2.1
[18:21:58] [Server thread/INFO]: [RaspberryJuice] Enabling RaspberryJuice v1.7
[18:21:58] [Server thread/INFO]: [RaspberryJuice] ThreadListener Started
[18:21:58] [Server thread/INFO]: Server permissions file permissions.yml is empty, ignoring it
[18:21:58] [Server thread/INFO]: Done (9,693s)! For help, type "help" or "?"
[18:29:22] [Thread-9/INFO]: [RaspberryJuice] Opened connection to/127.0.0.1:57743.
[18:29:22] [Thread-11/INFO]: [RaspberryJuice] Starting output thread!
[18:29:22] [Thread-10/INFO]: [RaspberryJuice] Starting input thread
[18:29:23] [Server thread/INFO]: [RaspberryJuice] Closed connection to/127.0.0.1:57743.
[18:42:22] [Thread-9/INFO]: [RaspberryJuice] Opened connection to/127.0.0.1:55147.
[18:42:22] [Thread-13/INFO]: [RaspberryJuice] Starting output thread!
[18:42:22] [Thread-12/INFO]: [RaspberryJuice] Starting input thread
[18:42:35] [Server thread/INFO]: [RaspberryJuice] Closed connection to/127.0.0.1:55147.
[18:54:13] [Thread-9/INFO]: [RaspberryJuice] Opened connection to/127.0.0.1:55342.
[18:54:13] [Thread-14/INFO]: [RaspberryJuice] Starting input thread
[18:54:13] [Thread-15/INFO]: [RaspberryJuice] Starting output thread!
[18:54:19] [Server thread/INFO]: [RaspberryJuice] Closed connection to/127.0.0.1:55342.
[18:54:21] [Thread-9/INFO]: [RaspberryJuice] Opened connection to/127.0.0.1:55353.
[18:54:21] [Thread-16/INFO]: [RaspberryJuice] Starting input thread
[18:54:21] [Thread-17/INFO]: [RaspberryJuice] Starting output thread!
[18:54:22] [Server thread/INFO]: [RaspberryJuice] Closed connection to/127.0.0.1:55353.
[19:00:18] [User Authenticator #1/INFO]: UUID of player atmosphere_joker is 907598d6-3034-37e8-b662-0db0dd7eed09
[19:00:19] [Server thread/INFO]: atmosphere_joker[/127.0.0.1:50048] logged in with entity id 193 at ([world]611.3703324006975, 61.566549196430266, 14414.630081746429)
[19:00:59] [Thread-9/INFO]: [RaspberryJuice] Opened connection to/127.0.0.1:60980.
[19:00:59] [Thread-18/INFO]: [RaspberryJuice] Starting input thread
[19:00:59] [Thread-19/INFO]: [RaspberryJuice] Starting output thread!
[19:02:04] [Server thread/INFO]: [RaspberryJuice] Closed connection to/127.0.0.1:60980.
[19:02:16] [Thread-9/INFO]: [RaspberryJuice] Opened connection to/127.0.0.1:61038.
[19:02:16] [Thread-20/INFO]: [RaspberryJuice] Starting input thread
[19:02:16] [Thread-21/INFO]: [RaspberryJuice] Starting output thread!
[19:02:32] [Server thread/INFO]: atmosphere_joker issued server command: /tp 14151 124 125152
[19:02:32] [Server thread/INFO]: [atmosphere_joker: Teleported atmosphere_joker to 14151.5, 124.0, 125152.5]
[19:06:11] [Server thread/INFO]: [RaspberryJuice] Closed connection to/127.0.0.1:61038.
[19:06:13] [Thread-9/INFO]: [RaspberryJuice] Opened connection to/127.0.0.1:60703.
[19:06:13] [Thread-9/INFO]: [RaspberryJuice] Opened connection to/127.0.0.1:60704.
[19:06:13] [Thread-22/INFO]: [RaspberryJuice] Starting input thread
[19:06:13] [Thread-23/INFO]: [RaspberryJuice] Starting output thread!
[19:06:13] [Thread-24/INFO]: [RaspberryJuice] Starting input thread
[19:06:13] [Thread-25/INFO]: [RaspberryJuice] Starting output thread!
[19:06:13] [Server thread/INFO]: [RaspberryJuice] Closed connection to/127.0.0.1:60703.
[19:06:28] [Server thread/INFO]: [RaspberryJuice] Closed connection to/127.0.0.1:60704.
[19:08:32] [Thread-9/INFO]: [RaspberryJuice] Opened connection to/127.0.0.1:51064.
[19:08:32] [Thread-26/INFO]: [RaspberryJuice] Starting input thread
[19:08:32] [Thread-27/INFO]: [RaspberryJuice] Starting output thread!
[19:08:32] [Thread-9/INFO]: [RaspberryJuice] Opened connection to/127.0.0.1:51065.
[19:08:32] [Thread-29/INFO]: [RaspberryJuice] Starting output thread!
[19:08:32] [Thread-28/INFO]: [RaspberryJuice] Starting input thread
[19:08:32] [Server thread/INFO]: [RaspberryJuice] Closed connection to/127.0.0.1:51064.
[19:08:38] [Server thread/INFO]: [RaspberryJuice] Closed connection to/127.0.0.1:51065.
[19:09:37] [Thread-31/INFO]: [RaspberryJuice] Starting output thread!
[19:09:37] [Thread-30/INFO]: [RaspberryJuice] Starting input thread
[19:09:37] [Thread-9/INFO]: [RaspberryJuice] Opened connection to/127.0.0.1:51115.
[19:09:37] [Thread-9/INFO]: [RaspberryJuice] Opened connection to/127.0.0.1:51116.
[19:09:37] [Thread-32/INFO]: [RaspberryJuice] Starting input thread
[19:09:37] [Thread-33/INFO]: [RaspberryJuice] Starting output thread!
[19:09:37] [Server thread/INFO]: [RaspberryJuice] Closed connection to/127.0.0.1:51115.
[19:09:43] [Server thread/INFO]: [RaspberryJuice] Closed connection to/127.0.0.1:51116.
[19:15:08] [Thread-9/INFO]: [RaspberryJuice] Opened connection to/127.0.0.1:56919.
[19:15:08] [Thread-35/INFO]: [RaspberryJuice] Starting output thread!
[19:15:08] [Thread-34/INFO]: [RaspberryJuice] Starting input thread
[19:15:11] [Server thread/INFO]: [RaspberryJuice] Closed connection to/127.0.0.1:56919.
[19:16:08] [Server thread/INFO]: atmosphere_joker lost connection: Internal Exception: java.io.IOException: Удаленный хост принудительно разорвал существующее подключение
[19:16:08] [Server thread/INFO]: atmosphere_joker left the game
